<?xml version="1.0" encoding="UTF-8"?>
<testng-results skipped="0" failed="0" ignored="0" total="1" passed="1">
  <reporter-output>
  </reporter-output>
  <suite name="Default suite" duration-ms="11083" started-at="2022-08-15T22:28:22 BST" finished-at="2022-08-15T22:28:33 BST">
    <groups>
    </groups>
    <test name="Default test" duration-ms="11083" started-at="2022-08-15T22:28:22 BST" finished-at="2022-08-15T22:28:33 BST">
      <class name="com.crm.qa.util.LogInPage_Test">
        <test-method status="PASS" signature="setup()[pri:0, instance:com.crm.qa.util.LogInPage_Test@7a9273a8]" name="setup" is-config="true" duration-ms="5850" started-at="2022-08-15T22:28:22 BST" finished-at="2022-08-15T22:28:27 BST">
          <reporter-output>
          </reporter-output>
        </test-method> <!-- setup -->
        <test-method status="PASS" signature="check_user()[pri:0, instance:com.crm.qa.util.LogInPage_Test@7a9273a8]" name="check_user" duration-ms="4673" started-at="2022-08-15T22:28:27 BST" finished-at="2022-08-15T22:28:32 BST">
          <reporter-output>
          </reporter-output>
        </test-method> <!-- check_user -->
        <test-method status="PASS" signature="tearDown()[pri:0, instance:com.crm.qa.util.LogInPage_Test@7a9273a8]" name="tearDown" is-config="true" duration-ms="532" started-at="2022-08-15T22:28:32 BST" finished-at="2022-08-15T22:28:33 BST">
          <reporter-output>
          </reporter-output>
        </test-method> <!-- tearDown -->
      </class> <!-- com.crm.qa.util.LogInPage_Test -->
    </test> <!-- Default test -->
  </suite> <!-- Default suite -->
</testng-results>
